d:\с++\mergedproect\x64\debug\vc143.pdb
d:\с++\mergedproect\x64\debug\vc143.idb
d:\с++\mergedproect\x64\debug\task3_processtext.obj
d:\с++\mergedproect\x64\debug\task3.obj
d:\с++\mergedproect\x64\debug\task1.obj
d:\с++\mergedproect\x64\debug\processarray.obj
d:\с++\mergedproect\x64\debug\task2.obj
d:\с++\mergedproect\x64\debug\task1_transformarray.obj
d:\с++\mergedproect\x64\debug\task2_sumabovemaindiagonal.obj
d:\с++\mergedproect\x64\debug\main.obj
d:\с++\mergedproect\x64\debug\task3_isvowel.obj
d:\с++\mergedproect\x64\debug\task2_islocalminimum.obj
d:\с++\mergedproect\x64\debug\task2_findlocalminimums.obj
d:\с++\mergedproect\x64\debug\main_choice.obj
d:\с++\mergedproect\x64\debug\inputtask2.obj
d:\с++\mergedproect\x64\debug\findminpositions.obj
d:\с++\mergedproect\x64\debug\findmin.obj
d:\с++\mergedproect\x64\debug\mergedproect.exe
d:\с++\mergedproect\x64\debug\mergedproect.ilk
d:\с++\mergedproect\x64\debug\mergedproect.pdb
d:\с++\mergedproect\x64\debug\task2.obj.enc
d:\с++\mergedproect\x64\debug\mergedproect.tlog\cl.command.1.tlog
d:\с++\mergedproect\x64\debug\mergedproect.tlog\cl.items.tlog
d:\с++\mergedproect\x64\debug\mergedproect.tlog\cl.read.1.tlog
d:\с++\mergedproect\x64\debug\mergedproect.tlog\cl.write.1.tlog
d:\с++\mergedproect\x64\debug\mergedproect.tlog\link.command.1.tlog
d:\с++\mergedproect\x64\debug\mergedproect.tlog\link.read.1.tlog
d:\с++\mergedproect\x64\debug\mergedproect.tlog\link.write.1.tlog
